<?xml version="1.0" encoding="UTF-8"?>
<!-- Generated by org.testng.reporters.JUnitReportReporter -->
<testsuite hostname="DESKTOP-670C4DQ" failures="0" tests="1" name="Selframe.Framework.AppTest" time="0.005" errors="0" timestamp="2021-01-20T18:31:29 CST" skipped="0">
  <testcase classname="Selframe.Framework.AppTest" name="shouldAnswerWithTrue" time="0.005"/>
  <system-out/>
</testsuite> <!-- Selframe.Framework.AppTest -->
