<?xml version="1.0" encoding="UTF-8"?>
<!-- Generated by org.testng.reporters.JUnitReportReporter -->
<testsuite hostname="DESKTOP-670C4DQ" failures="0" tests="1" name="Selframe.Framework.Test3" time="2.685" errors="0" timestamp="2021-02-09T16:41:56 CST" skipped="0">
  <testcase classname="Selframe.Framework.Test3" name="pageopen" time="2.685"/>
  <system-out/>
</testsuite> <!-- Selframe.Framework.Test3 -->
