<?xml version="1.0" encoding="UTF-8"?>
<!-- Generated by org.testng.reporters.JUnitReportReporter -->
<testsuite hostname="DESKTOP-670C4DQ" failures="0" tests="1" name="Selframe.Framework.Test2" time="1.570" errors="0" timestamp="2021-02-09T16:41:56 CST" skipped="0">
  <testcase classname="Selframe.Framework.Test2" name="element" time="1.570"/>
  <system-out/>
</testsuite> <!-- Selframe.Framework.Test2 -->
