<?xml version="1.0" encoding="UTF-8"?>
<!-- Generated by org.testng.reporters.JUnitReportReporter -->
<testsuite hostname="DESKTOP-670C4DQ" failures="0" tests="1" name="Selframe.Framework.Test1" time="39.697" errors="0" timestamp="2021-02-12T16:11:06 CST" skipped="0">
  <testcase classname="Selframe.Framework.Test1" name="SignInPage" time="39.697"/>
  <system-out/>
</testsuite> <!-- Selframe.Framework.Test1 -->
