<?xml version="1.0" encoding="UTF-8"?>
<!-- Generated by org.testng.reporters.JUnitReportReporter -->
<testsuite skipped="0" hostname="DESKTOP-670C4DQ" name="Selframe.Framework.Test3" tests="1" failures="0" timestamp="2021-02-08T11:07:10 CST" time="2.463" errors="0">
  <testcase name="pageopen" time="2.463" classname="Selframe.Framework.Test3"/>
  <system-out/>
</testsuite> <!-- Selframe.Framework.Test3 -->
