<?xml version="1.0" encoding="UTF-8"?>
<!-- Generated by org.testng.reporters.JUnitReportReporter -->
<testsuite skipped="0" hostname="DESKTOP-670C4DQ" name="Selframe.Framework.Test2" tests="1" failures="0" timestamp="2021-02-08T11:07:10 CST" time="0.951" errors="0">
  <testcase name="element" time="0.951" classname="Selframe.Framework.Test2"/>
  <system-out/>
</testsuite> <!-- Selframe.Framework.Test2 -->
